app/build/intermediates/manifest_merge_blame_file/debug/manifest-merger-blame-debug-report.txt
1<?xml version="1.0" encoding="utf-8"?>
2<manifest xmlns:android="http://schemas.android.com/apk/res/android"
3    package="com.gitlab.freestyle1448.NFCtaglib"
4    android:versionCode="1"
5    android:versionName="1.0" >
6
7    <uses-sdk
8        android:minSdkVersion="21"
8-->src\main\AndroidManifest.xml
9        android:targetSdkVersion="29" />
9-->src\main\AndroidManifest.xml
10
11    <uses-permission android:name="android.permission.NFC" />
11-->src\main\AndroidManifest.xml:4:5-62
11-->src\main\AndroidManifest.xml:4:22-59
12
13    <uses-feature
13-->src\main\AndroidManifest.xml:6:5-8:35
14        android:name="android.hardware.nfc"
14-->src\main\AndroidManifest.xml:7:9-44
15        android:required="true" />
15-->src\main\AndroidManifest.xml:8:9-32
16
17    <application
17-->src\main\AndroidManifest.xml:9:5-41:19
18        android:allowBackup="true"
18-->src\main\AndroidManifest.xml:10:9-35
19        android:appComponentFactory="androidx.core.app.CoreComponentFactory"
19-->[androidx.core:core:1.1.0] AndroidManifest.xml:24:18-86
20        android:debuggable="true"
21        android:icon="@mipmap/ic_launcher"
21-->src\main\AndroidManifest.xml:11:9-43
22        android:label="@string/app_name"
22-->src\main\AndroidManifest.xml:12:9-41
23        android:supportsRtl="true"
23-->src\main\AndroidManifest.xml:13:9-35
24        android:theme="@style/AppTheme" >
24-->src\main\AndroidManifest.xml:14:9-40
25        <activity
25-->src\main\AndroidManifest.xml:15:9-24:20
26            android:name="com.gitlab.freestyle1448.NFCtaglib.MainActivity"
26-->src\main\AndroidManifest.xml:16:13-41
27            android:screenOrientation="portrait" >
27-->src\main\AndroidManifest.xml:18:13-49
28            <intent-filter>
28-->src\main\AndroidManifest.xml:19:13-23:29
29                <action android:name="android.intent.action.MAIN" />
29-->src\main\AndroidManifest.xml:20:17-69
29-->src\main\AndroidManifest.xml:20:25-66
30
31                <category android:name="android.intent.category.LAUNCHER" />
31-->src\main\AndroidManifest.xml:22:17-77
31-->src\main\AndroidManifest.xml:22:27-74
32            </intent-filter>
33        </activity>
34
35        <service
35-->src\main\AndroidManifest.xml:26:9-40:19
36            android:name="com.github.eltgm.nfctaglibrary.CardService"
36-->src\main\AndroidManifest.xml:27:13-70
37            android:exported="true"
37-->src\main\AndroidManifest.xml:28:13-36
38            android:permission="android.permission.BIND_NFC_SERVICE" >
38-->src\main\AndroidManifest.xml:29:13-69
39
40            <!-- Intent filter indicating that we support card emulation. -->
41            <intent-filter>
41-->src\main\AndroidManifest.xml:31:13-34:29
42                <action android:name="android.nfc.cardemulation.action.HOST_APDU_SERVICE" />
42-->src\main\AndroidManifest.xml:32:17-93
42-->src\main\AndroidManifest.xml:32:25-90
43
44                <category android:name="android.intent.category.DEFAULT" />
44-->src\main\AndroidManifest.xml:33:17-76
44-->src\main\AndroidManifest.xml:33:27-73
45            </intent-filter>
46            <!--
47                 Required XML configuration file, listing the AIDs that we are emulating cards
48                 for. This defines what protocols our card emulation service supports.
49            -->
50            <meta-data
50-->src\main\AndroidManifest.xml:37:13-39:52
51                android:name="android.nfc.cardemulation.host_apdu_service"
51-->src\main\AndroidManifest.xml:38:17-75
52                android:resource="@xml/aid_list" />
52-->src\main\AndroidManifest.xml:39:17-49
53        </service>
54    </application>
55
56</manifest>